[debug] [2025-11-27T19:49:28.451Z] ----------------------------------------------------------------------
[debug] [2025-11-27T19:49:28.463Z] Command:       C:\Program Files\nodejs\node.exe C:\Users\User\AppData\Roaming\npm\node_modules\firebase-tools\lib\bin\firebase.js deploy --only hosting
[debug] [2025-11-27T19:49:28.464Z] CLI Version:   14.17.0
[debug] [2025-11-27T19:49:28.464Z] Platform:      win32
[debug] [2025-11-27T19:49:28.464Z] Node Version:  v22.19.0
[debug] [2025-11-27T19:49:28.465Z] Time:          Thu Nov 27 2025 16:49:28 GMT-0300 (hora estándar de Uruguay)
[debug] [2025-11-27T19:49:28.465Z] ----------------------------------------------------------------------
[debug] 
[debug] [2025-11-27T19:49:28.468Z] >>> [apiv2][query] GET https://firebase-public.firebaseio.com/cli.json [none]
[debug] [2025-11-27T19:49:28.906Z] > command requires scopes: ["email","openid","https://www.googleapis.com/auth/cloudplatformprojects.readonly","https://www.googleapis.com/auth/firebase","https://www.googleapis.com/auth/cloud-platform"]
[debug] [2025-11-27T19:49:28.907Z] > authorizing via signed-in user (santiago.lopez.toma@gmail.com)
[debug] [2025-11-27T19:49:28.907Z] [iam] checking project mil-disculpis for permissions ["firebase.projects.get","firebasehosting.sites.update"]
[debug] [2025-11-27T19:49:28.908Z] Checked if tokens are valid: false, expires at: 1764261102893
[debug] [2025-11-27T19:49:28.908Z] Checked if tokens are valid: false, expires at: 1764261102893
[debug] [2025-11-27T19:49:28.908Z] > refreshing access token with scopes: []
[debug] [2025-11-27T19:49:28.911Z] >>> [apiv2][query] POST https://www.googleapis.com/oauth2/v3/token [none]
[debug] [2025-11-27T19:49:28.911Z] >>> [apiv2][body] POST https://www.googleapis.com/oauth2/v3/token [omitted]
[debug] [2025-11-27T19:49:29.054Z] <<< [apiv2][status] POST https://www.googleapis.com/oauth2/v3/token 200
[debug] [2025-11-27T19:49:29.054Z] <<< [apiv2][body] POST https://www.googleapis.com/oauth2/v3/token [omitted]
[debug] [2025-11-27T19:49:29.071Z] >>> [apiv2][query] POST https://cloudresourcemanager.googleapis.com/v1/projects/mil-disculpis:testIamPermissions [none]
[debug] [2025-11-27T19:49:29.071Z] >>> [apiv2][(partial)header] POST https://cloudresourcemanager.googleapis.com/v1/projects/mil-disculpis:testIamPermissions x-goog-quota-user=projects/mil-disculpis
[debug] [2025-11-27T19:49:29.071Z] >>> [apiv2][body] POST https://cloudresourcemanager.googleapis.com/v1/projects/mil-disculpis:testIamPermissions {"permissions":["firebase.projects.get","firebasehosting.sites.update"]}
[debug] [2025-11-27T19:49:29.267Z] <<< [apiv2][status] GET https://firebase-public.firebaseio.com/cli.json 200
[debug] [2025-11-27T19:49:29.267Z] <<< [apiv2][body] GET https://firebase-public.firebaseio.com/cli.json {"cloudBuildErrorAfter":1594252800000,"cloudBuildWarnAfter":1590019200000,"defaultNode10After":1594252800000,"minVersion":"3.0.5","node8DeploysDisabledAfter":1613390400000,"node8RuntimeDisabledAfter":1615809600000,"node8WarnAfter":1600128000000}
[debug] [2025-11-27T19:49:29.970Z] <<< [apiv2][status] POST https://cloudresourcemanager.googleapis.com/v1/projects/mil-disculpis:testIamPermissions 200
[debug] [2025-11-27T19:49:29.970Z] <<< [apiv2][body] POST https://cloudresourcemanager.googleapis.com/v1/projects/mil-disculpis:testIamPermissions {"permissions":["firebase.projects.get","firebasehosting.sites.update"]}
[debug] [2025-11-27T19:49:29.971Z] Checked if tokens are valid: true, expires at: 1764276568054
[debug] [2025-11-27T19:49:29.971Z] Checked if tokens are valid: true, expires at: 1764276568054
[debug] [2025-11-27T19:49:29.972Z] >>> [apiv2][query] GET https://firebase.googleapis.com/v1beta1/projects/mil-disculpis [none]
[debug] [2025-11-27T19:49:30.367Z] <<< [apiv2][status] GET https://firebase.googleapis.com/v1beta1/projects/mil-disculpis 200
[debug] [2025-11-27T19:49:30.367Z] <<< [apiv2][body] GET https://firebase.googleapis.com/v1beta1/projects/mil-disculpis {"projectId":"mil-disculpis","projectNumber":"5614567933","displayName":"futbol-App","name":"projects/mil-disculpis","resources":{"hostingSite":"mil-disculpis","realtimeDatabaseInstance":"mil-disculpis-default-rtdb"},"state":"ACTIVE","etag":"1_38df11e5-6456-41cb-b0bb-520bb4c03b3c"}
[debug] [2025-11-27T19:49:34.011Z] defaultcredentials: writing to file C:\Users\User\AppData\Roaming\firebase\santiago_lopez.toma_gmail.com_application_default_credentials.json
[debug] [2025-11-27T19:49:34.014Z] Checked if tokens are valid: true, expires at: 1764276568054
[debug] [2025-11-27T19:49:34.015Z] Checked if tokens are valid: true, expires at: 1764276568054
[debug] [2025-11-27T19:49:34.015Z] >>> [apiv2][query] GET https://firebasehosting.googleapis.com/v1beta1/projects/mil-disculpis/sites pageToken=&pageSize=10
[debug] [2025-11-27T19:49:35.187Z] <<< [apiv2][status] GET https://firebasehosting.googleapis.com/v1beta1/projects/mil-disculpis/sites 200
[debug] [2025-11-27T19:49:35.187Z] <<< [apiv2][body] GET https://firebasehosting.googleapis.com/v1beta1/projects/mil-disculpis/sites {"sites":[{"name":"projects/mil-disculpis/sites/mil-disculpis","defaultUrl":"https://mil-disculpis.web.app","appId":"1:5614567933:web:0dce7bf37b8325c0861994","type":"DEFAULT_SITE"}]}
[debug] [2025-11-27T19:49:35.187Z] Checked if tokens are valid: true, expires at: 1764276568054
[debug] [2025-11-27T19:49:35.188Z] Checked if tokens are valid: true, expires at: 1764276568054
[debug] [2025-11-27T19:49:35.188Z] >>> [apiv2][query] GET https://firebase.googleapis.com/v1beta1/projects/-/webApps/1:5614567933:web:0dce7bf37b8325c0861994/config [none]
[debug] [2025-11-27T19:49:36.292Z] <<< [apiv2][status] GET https://firebase.googleapis.com/v1beta1/projects/-/webApps/1:5614567933:web:0dce7bf37b8325c0861994/config 200
[debug] [2025-11-27T19:49:36.292Z] <<< [apiv2][body] GET https://firebase.googleapis.com/v1beta1/projects/-/webApps/1:5614567933:web:0dce7bf37b8325c0861994/config {"projectId":"mil-disculpis","appId":"1:5614567933:web:0dce7bf37b8325c0861994","databaseURL":"https://mil-disculpis-default-rtdb.firebaseio.com","storageBucket":"mil-disculpis.firebasestorage.app","apiKey":"AIzaSyAes7EVn8hQswS8XgvDMJfN6U4IT_ZL_WY","authDomain":"mil-disculpis.firebaseapp.com","messagingSenderId":"5614567933","measurementId":"G-EMLP4TKXKR","projectNumber":"5614567933","version":"2"}
[info] 
   Thank you for trying our early preview of Next.js support on Firebase Hosting.
   During the preview, support is best-effort and breaking changes can be expected. Proceed with caution.

   Documentation: https://firebase.google.com/docs/hosting/frameworks/nextjs
   File a bug: https://github.com/firebase/firebase-tools/issues/new?template=bug_report.md
   Submit a feature request: https://github.com/firebase/firebase-tools/issues/new?template=feature_request.md

   We'd love to learn from you. Express your interest in helping us shape the future of Firebase Hosting: https://goo.gle/41enW5X

[debug] [2025-11-27T19:49:43.599Z] Checked if tokens are valid: true, expires at: 1764276568054
[debug] [2025-11-27T19:49:43.599Z] Checked if tokens are valid: true, expires at: 1764276568054
[debug] [2025-11-27T19:49:43.599Z] >>> [apiv2][query] GET https://firebasehosting.googleapis.com/v1beta1/projects/mil-disculpis/sites/mil-disculpis [none]
[debug] [2025-11-27T19:49:44.574Z] <<< [apiv2][status] GET https://firebasehosting.googleapis.com/v1beta1/projects/mil-disculpis/sites/mil-disculpis 200
[debug] [2025-11-27T19:49:44.574Z] <<< [apiv2][body] GET https://firebasehosting.googleapis.com/v1beta1/projects/mil-disculpis/sites/mil-disculpis {"name":"projects/mil-disculpis/sites/mil-disculpis","defaultUrl":"https://mil-disculpis.web.app","appId":"1:5614567933:web:0dce7bf37b8325c0861994","type":"DEFAULT_SITE"}
[info]  ⚠ Invalid next.config.mjs options detected: 

[info]  ⚠     Unrecognized key(s) in object: 'isrMemoryCacheSize' at "experimental"
 ⚠ See more info here: https://nextjs.org/docs/messages/invalid-next-config

[info]   ▲ Next.js 14.2.5

[info]   - Environments: .env.local


[info]    Creating an optimized production build ...

[info]  ✓ (pwa) Compiling for server...

[info]  ✓ (pwa) Compiling for server...

[info]  ✓ (pwa) Compiling for client (static)...

[info]  ○ (pwa) Service worker: C:\Pateá\public\sw.js

[info]  ○ (pwa)   URL: /sw.js
 ○ (pwa)   Scope: /

[info]  ⚠ Compiled with warnings

./node_modules/require-in-the-middle/index.js
Critical dependency: require function is used in a way in which dependencies cannot be statically extracted

Import trace for requested module:
./node_modules/require-in-the-middle/index.js
./node_modules/@opentelemetry/instrumentation/build/esm/platform/node/instrumentation.js
./node_modules/@opentelemetry/instrumentation/build/esm/platform/node/index.js
./node_modules/@opentelemetry/instrumentation/build/esm/platform/index.js
./node_modules/@opentelemetry/instrumentation/build/esm/index.js
./node_modules/@opentelemetry/sdk-node/build/src/sdk.js
./node_modules/@opentelemetry/sdk-node/build/src/index.js
./node_modules/@genkit-ai/core/lib/tracing/node-telemetry-provider.js
./node_modules/@genkit-ai/core/lib/node.js
./node_modules/genkit/lib/common.js
./node_modules/genkit/lib/index.mjs
./src/ai/flows/generate-balanced-teams.ts
./src/lib/actions/server-actions.ts

./src/lib/actions/payment-actions.ts
Attempted import error: 'db' is not exported from '@/firebase/admin-init' (imported as 'db').

Import trace for requested module:
./src/lib/actions/payment-actions.ts
./src/app/api/webhooks/mercadopago/route.ts

./src/lib/actions/payment-actions.ts
Attempted import error: 'db' is not exported from '@/firebase/admin-init' (imported as 'db').

Import trace for requested module:
./src/lib/actions/payment-actions.ts
./src/app/api/webhooks/mercadopago/route.ts

./src/lib/actions/payment-actions.ts
Attempted import error: 'db' is not exported from '@/firebase/admin-init' (imported as 'db').

Import trace for requested module:
./src/lib/actions/payment-actions.ts
./src/app/api/webhooks/mercadopago/route.ts

./src/lib/actions/payment-actions.ts
Attempted import error: 'db' is not exported from '@/firebase/admin-init' (imported as 'db').

Import trace for requested module:
./src/lib/actions/payment-actions.ts
./src/app/api/webhooks/mercadopago/route.ts

./src/lib/actions/payment-actions.ts
Attempted import error: 'db' is not exported from '@/firebase/admin-init' (imported as 'db').

Import trace for requested module:
./src/lib/actions/payment-actions.ts
./src/app/api/webhooks/mercadopago/route.ts

./src/lib/actions/payment-actions.ts
Attempted import error: 'db' is not exported from '@/firebase/admin-init' (imported as 'db').

Import trace for requested module:
./src/lib/actions/payment-actions.ts
./src/app/api/webhooks/mercadopago/route.ts

[info] 

[info]    Linting and checking validity of types ...

[info] Failed to compile.


[info] ./src/components/groups/group-members-manager.tsx:212:69
Type error: Type '{ className: string; title: string; }' is not assignable to type 'IntrinsicAttributes & Omit<LucideProps, "ref"> & RefAttributes<SVGSVGElement>'.
  Property 'title' does not exist on type 'IntrinsicAttributes & Omit<LucideProps, "ref"> & RefAttributes<SVGSVGElement>'.

  210 |                         <p className="font-semibold">{member.name}</p>
  211 |                         {isOwner && (
> 212 |                           <Crown className="w-4 h-4 text-amber-500" title="Creador del grupo" />
      |                                                                     ^
  213 |                         )}
  214 |                         {isCurrentUser && (
  215 |                           <span className="text-xs text-muted-foreground">(Tú)</span>

[debug] [2025-11-27T19:51:17.215Z] Error: ENOENT: no such file or directory, open 'C:\pateá\.next\export-marker.json'
[error] 
[error] Error: An unexpected error has occurred.
[debug] [2025-11-27T19:52:34.330Z] ----------------------------------------------------------------------
[debug] [2025-11-27T19:52:34.333Z] Command:       C:\Program Files\nodejs\node.exe C:\Users\User\AppData\Roaming\npm\node_modules\firebase-tools\lib\bin\firebase.js deploy --only hosting
[debug] [2025-11-27T19:52:34.333Z] CLI Version:   14.17.0
[debug] [2025-11-27T19:52:34.333Z] Platform:      win32
[debug] [2025-11-27T19:52:34.333Z] Node Version:  v22.19.0
[debug] [2025-11-27T19:52:34.333Z] Time:          Thu Nov 27 2025 16:52:34 GMT-0300 (hora estándar de Uruguay)
[debug] [2025-11-27T19:52:34.333Z] ----------------------------------------------------------------------
[debug] 
[debug] [2025-11-27T19:52:34.529Z] > command requires scopes: ["email","openid","https://www.googleapis.com/auth/cloudplatformprojects.readonly","https://www.googleapis.com/auth/firebase","https://www.googleapis.com/auth/cloud-platform"]
[debug] [2025-11-27T19:52:34.529Z] > authorizing via signed-in user (santiago.lopez.toma@gmail.com)
[debug] [2025-11-27T19:52:34.530Z] [iam] checking project mil-disculpis for permissions ["firebase.projects.get","firebasehosting.sites.update"]
[debug] [2025-11-27T19:52:34.530Z] Checked if tokens are valid: true, expires at: 1764276568054
[debug] [2025-11-27T19:52:34.530Z] Checked if tokens are valid: true, expires at: 1764276568054
[debug] [2025-11-27T19:52:34.531Z] >>> [apiv2][query] POST https://cloudresourcemanager.googleapis.com/v1/projects/mil-disculpis:testIamPermissions [none]
[debug] [2025-11-27T19:52:34.531Z] >>> [apiv2][(partial)header] POST https://cloudresourcemanager.googleapis.com/v1/projects/mil-disculpis:testIamPermissions x-goog-quota-user=projects/mil-disculpis
[debug] [2025-11-27T19:52:34.531Z] >>> [apiv2][body] POST https://cloudresourcemanager.googleapis.com/v1/projects/mil-disculpis:testIamPermissions {"permissions":["firebase.projects.get","firebasehosting.sites.update"]}
[debug] [2025-11-27T19:52:35.420Z] <<< [apiv2][status] POST https://cloudresourcemanager.googleapis.com/v1/projects/mil-disculpis:testIamPermissions 200
[debug] [2025-11-27T19:52:35.420Z] <<< [apiv2][body] POST https://cloudresourcemanager.googleapis.com/v1/projects/mil-disculpis:testIamPermissions {"permissions":["firebase.projects.get","firebasehosting.sites.update"]}
[debug] [2025-11-27T19:52:35.421Z] Checked if tokens are valid: true, expires at: 1764276568054
[debug] [2025-11-27T19:52:35.421Z] Checked if tokens are valid: true, expires at: 1764276568054
[debug] [2025-11-27T19:52:35.421Z] >>> [apiv2][query] GET https://firebase.googleapis.com/v1beta1/projects/mil-disculpis [none]
[debug] [2025-11-27T19:52:35.773Z] <<< [apiv2][status] GET https://firebase.googleapis.com/v1beta1/projects/mil-disculpis 200
[debug] [2025-11-27T19:52:35.773Z] <<< [apiv2][body] GET https://firebase.googleapis.com/v1beta1/projects/mil-disculpis {"projectId":"mil-disculpis","projectNumber":"5614567933","displayName":"futbol-App","name":"projects/mil-disculpis","resources":{"hostingSite":"mil-disculpis","realtimeDatabaseInstance":"mil-disculpis-default-rtdb"},"state":"ACTIVE","etag":"1_38df11e5-6456-41cb-b0bb-520bb4c03b3c"}
[debug] [2025-11-27T19:52:38.560Z] defaultcredentials: writing to file C:\Users\User\AppData\Roaming\firebase\santiago_lopez.toma_gmail.com_application_default_credentials.json
[debug] [2025-11-27T19:52:38.563Z] Checked if tokens are valid: true, expires at: 1764276568054
[debug] [2025-11-27T19:52:38.564Z] Checked if tokens are valid: true, expires at: 1764276568054
[debug] [2025-11-27T19:52:38.564Z] >>> [apiv2][query] GET https://firebasehosting.googleapis.com/v1beta1/projects/mil-disculpis/sites pageToken=&pageSize=10
[debug] [2025-11-27T19:52:39.618Z] <<< [apiv2][status] GET https://firebasehosting.googleapis.com/v1beta1/projects/mil-disculpis/sites 200
[debug] [2025-11-27T19:52:39.618Z] <<< [apiv2][body] GET https://firebasehosting.googleapis.com/v1beta1/projects/mil-disculpis/sites {"sites":[{"name":"projects/mil-disculpis/sites/mil-disculpis","defaultUrl":"https://mil-disculpis.web.app","appId":"1:5614567933:web:0dce7bf37b8325c0861994","type":"DEFAULT_SITE"}]}
[debug] [2025-11-27T19:52:39.618Z] Checked if tokens are valid: true, expires at: 1764276568054
[debug] [2025-11-27T19:52:39.619Z] Checked if tokens are valid: true, expires at: 1764276568054
[debug] [2025-11-27T19:52:39.619Z] >>> [apiv2][query] GET https://firebase.googleapis.com/v1beta1/projects/-/webApps/1:5614567933:web:0dce7bf37b8325c0861994/config [none]
[debug] [2025-11-27T19:52:40.752Z] <<< [apiv2][status] GET https://firebase.googleapis.com/v1beta1/projects/-/webApps/1:5614567933:web:0dce7bf37b8325c0861994/config 200
[debug] [2025-11-27T19:52:40.752Z] <<< [apiv2][body] GET https://firebase.googleapis.com/v1beta1/projects/-/webApps/1:5614567933:web:0dce7bf37b8325c0861994/config {"projectId":"mil-disculpis","appId":"1:5614567933:web:0dce7bf37b8325c0861994","databaseURL":"https://mil-disculpis-default-rtdb.firebaseio.com","storageBucket":"mil-disculpis.firebasestorage.app","apiKey":"AIzaSyAes7EVn8hQswS8XgvDMJfN6U4IT_ZL_WY","authDomain":"mil-disculpis.firebaseapp.com","messagingSenderId":"5614567933","measurementId":"G-EMLP4TKXKR","projectNumber":"5614567933","version":"2"}
[info] 
   Thank you for trying our early preview of Next.js support on Firebase Hosting.
   During the preview, support is best-effort and breaking changes can be expected. Proceed with caution.

   Documentation: https://firebase.google.com/docs/hosting/frameworks/nextjs
   File a bug: https://github.com/firebase/firebase-tools/issues/new?template=bug_report.md
   Submit a feature request: https://github.com/firebase/firebase-tools/issues/new?template=feature_request.md

   We'd love to learn from you. Express your interest in helping us shape the future of Firebase Hosting: https://goo.gle/41enW5X

[debug] [2025-11-27T19:52:46.624Z] Checked if tokens are valid: true, expires at: 1764276568054
[debug] [2025-11-27T19:52:46.624Z] Checked if tokens are valid: true, expires at: 1764276568054
[debug] [2025-11-27T19:52:46.624Z] >>> [apiv2][query] GET https://firebasehosting.googleapis.com/v1beta1/projects/mil-disculpis/sites/mil-disculpis [none]
[debug] [2025-11-27T19:52:47.681Z] <<< [apiv2][status] GET https://firebasehosting.googleapis.com/v1beta1/projects/mil-disculpis/sites/mil-disculpis 200
[debug] [2025-11-27T19:52:47.681Z] <<< [apiv2][body] GET https://firebasehosting.googleapis.com/v1beta1/projects/mil-disculpis/sites/mil-disculpis {"name":"projects/mil-disculpis/sites/mil-disculpis","defaultUrl":"https://mil-disculpis.web.app","appId":"1:5614567933:web:0dce7bf37b8325c0861994","type":"DEFAULT_SITE"}
[info]  ⚠ Invalid next.config.mjs options detected: 

[info]  ⚠     Unrecognized key(s) in object: 'isrMemoryCacheSize' at "experimental"
 ⚠ See more info here: https://nextjs.org/docs/messages/invalid-next-config

[info]   ▲ Next.js 14.2.5

[info]   - Environments: .env.local


[info]    Creating an optimized production build ...

[info]  ✓ (pwa) Compiling for server...

[info]  ✓ (pwa) Compiling for server...

[info]  ✓ (pwa) Compiling for client (static)...

[info]  ○ (pwa) Service worker: C:\Pateá\public\sw.js
 ○ (pwa)   URL: /sw.js
 ○ (pwa)   Scope: /

[info]  ⚠ Compiled with warnings

./node_modules/require-in-the-middle/index.js
Critical dependency: require function is used in a way in which dependencies cannot be statically extracted

Import trace for requested module:
./node_modules/require-in-the-middle/index.js
./node_modules/@opentelemetry/instrumentation/build/esm/platform/node/instrumentation.js
./node_modules/@opentelemetry/instrumentation/build/esm/platform/node/index.js
./node_modules/@opentelemetry/instrumentation/build/esm/platform/index.js
./node_modules/@opentelemetry/instrumentation/build/esm/index.js
./node_modules/@opentelemetry/sdk-node/build/src/sdk.js
./node_modules/@opentelemetry/sdk-node/build/src/index.js
./node_modules/@genkit-ai/core/lib/tracing/node-telemetry-provider.js
./node_modules/@genkit-ai/core/lib/node.js
./node_modules/genkit/lib/common.js
./node_modules/genkit/lib/index.mjs
./src/ai/flows/generate-balanced-teams.ts
./src/lib/actions/server-actions.ts


[info]    Linting and checking validity of types ...

[info] Failed to compile.


[info] ./src/components/matches/match-attendees-list.tsx:79:38
Type error: Property 'collection' does not exist on type 'Firestore'.

  77 |         // Cargar información de los jugadores desde Firestore
  78 |         const playerPromises = invitations.map(async (invitation) => {
> 79 |           const playerDoc = await db.collection('players').doc(invitation.userId).get();
     |                                      ^
  80 |           const playerData = playerDoc.data();
  81 |
  82 |           return {

[debug] [2025-11-27T19:53:28.033Z] Error: ENOENT: no such file or directory, open 'C:\pateá\.next\export-marker.json'
[error] 
[error] Error: An unexpected error has occurred.
[debug] [2025-11-27T19:54:10.049Z] ----------------------------------------------------------------------
[debug] [2025-11-27T19:54:10.051Z] Command:       C:\Program Files\nodejs\node.exe C:\Users\User\AppData\Roaming\npm\node_modules\firebase-tools\lib\bin\firebase.js deploy --only hosting
[debug] [2025-11-27T19:54:10.051Z] CLI Version:   14.17.0
[debug] [2025-11-27T19:54:10.051Z] Platform:      win32
[debug] [2025-11-27T19:54:10.051Z] Node Version:  v22.19.0
[debug] [2025-11-27T19:54:10.052Z] Time:          Thu Nov 27 2025 16:54:10 GMT-0300 (hora estándar de Uruguay)
[debug] [2025-11-27T19:54:10.052Z] ----------------------------------------------------------------------
[debug] 
[debug] [2025-11-27T19:54:10.205Z] > command requires scopes: ["email","openid","https://www.googleapis.com/auth/cloudplatformprojects.readonly","https://www.googleapis.com/auth/firebase","https://www.googleapis.com/auth/cloud-platform"]
[debug] [2025-11-27T19:54:10.205Z] > authorizing via signed-in user (santiago.lopez.toma@gmail.com)
[debug] [2025-11-27T19:54:10.205Z] [iam] checking project mil-disculpis for permissions ["firebase.projects.get","firebasehosting.sites.update"]
[debug] [2025-11-27T19:54:10.206Z] Checked if tokens are valid: true, expires at: 1764276568054
[debug] [2025-11-27T19:54:10.206Z] Checked if tokens are valid: true, expires at: 1764276568054
[debug] [2025-11-27T19:54:10.207Z] >>> [apiv2][query] POST https://cloudresourcemanager.googleapis.com/v1/projects/mil-disculpis:testIamPermissions [none]
[debug] [2025-11-27T19:54:10.207Z] >>> [apiv2][(partial)header] POST https://cloudresourcemanager.googleapis.com/v1/projects/mil-disculpis:testIamPermissions x-goog-quota-user=projects/mil-disculpis
[debug] [2025-11-27T19:54:10.207Z] >>> [apiv2][body] POST https://cloudresourcemanager.googleapis.com/v1/projects/mil-disculpis:testIamPermissions {"permissions":["firebase.projects.get","firebasehosting.sites.update"]}
[debug] [2025-11-27T19:54:11.087Z] <<< [apiv2][status] POST https://cloudresourcemanager.googleapis.com/v1/projects/mil-disculpis:testIamPermissions 200
[debug] [2025-11-27T19:54:11.087Z] <<< [apiv2][body] POST https://cloudresourcemanager.googleapis.com/v1/projects/mil-disculpis:testIamPermissions {"permissions":["firebase.projects.get","firebasehosting.sites.update"]}
[debug] [2025-11-27T19:54:11.088Z] Checked if tokens are valid: true, expires at: 1764276568054
[debug] [2025-11-27T19:54:11.088Z] Checked if tokens are valid: true, expires at: 1764276568054
[debug] [2025-11-27T19:54:11.088Z] >>> [apiv2][query] GET https://firebase.googleapis.com/v1beta1/projects/mil-disculpis [none]
[debug] [2025-11-27T19:54:11.434Z] <<< [apiv2][status] GET https://firebase.googleapis.com/v1beta1/projects/mil-disculpis 200
[debug] [2025-11-27T19:54:11.434Z] <<< [apiv2][body] GET https://firebase.googleapis.com/v1beta1/projects/mil-disculpis {"projectId":"mil-disculpis","projectNumber":"5614567933","displayName":"futbol-App","name":"projects/mil-disculpis","resources":{"hostingSite":"mil-disculpis","realtimeDatabaseInstance":"mil-disculpis-default-rtdb"},"state":"ACTIVE","etag":"1_38df11e5-6456-41cb-b0bb-520bb4c03b3c"}
[debug] [2025-11-27T19:54:13.934Z] defaultcredentials: writing to file C:\Users\User\AppData\Roaming\firebase\santiago_lopez.toma_gmail.com_application_default_credentials.json
[debug] [2025-11-27T19:54:13.935Z] Checked if tokens are valid: true, expires at: 1764276568054
[debug] [2025-11-27T19:54:13.935Z] Checked if tokens are valid: true, expires at: 1764276568054
[debug] [2025-11-27T19:54:13.935Z] >>> [apiv2][query] GET https://firebasehosting.googleapis.com/v1beta1/projects/mil-disculpis/sites pageToken=&pageSize=10
[debug] [2025-11-27T19:54:14.979Z] <<< [apiv2][status] GET https://firebasehosting.googleapis.com/v1beta1/projects/mil-disculpis/sites 200
[debug] [2025-11-27T19:54:14.979Z] <<< [apiv2][body] GET https://firebasehosting.googleapis.com/v1beta1/projects/mil-disculpis/sites {"sites":[{"name":"projects/mil-disculpis/sites/mil-disculpis","defaultUrl":"https://mil-disculpis.web.app","appId":"1:5614567933:web:0dce7bf37b8325c0861994","type":"DEFAULT_SITE"}]}
[debug] [2025-11-27T19:54:14.979Z] Checked if tokens are valid: true, expires at: 1764276568054
[debug] [2025-11-27T19:54:14.979Z] Checked if tokens are valid: true, expires at: 1764276568054
[debug] [2025-11-27T19:54:14.979Z] >>> [apiv2][query] GET https://firebase.googleapis.com/v1beta1/projects/-/webApps/1:5614567933:web:0dce7bf37b8325c0861994/config [none]
[debug] [2025-11-27T19:54:15.841Z] <<< [apiv2][status] GET https://firebase.googleapis.com/v1beta1/projects/-/webApps/1:5614567933:web:0dce7bf37b8325c0861994/config 200
[debug] [2025-11-27T19:54:15.841Z] <<< [apiv2][body] GET https://firebase.googleapis.com/v1beta1/projects/-/webApps/1:5614567933:web:0dce7bf37b8325c0861994/config {"projectId":"mil-disculpis","appId":"1:5614567933:web:0dce7bf37b8325c0861994","databaseURL":"https://mil-disculpis-default-rtdb.firebaseio.com","storageBucket":"mil-disculpis.firebasestorage.app","apiKey":"AIzaSyAes7EVn8hQswS8XgvDMJfN6U4IT_ZL_WY","authDomain":"mil-disculpis.firebaseapp.com","messagingSenderId":"5614567933","measurementId":"G-EMLP4TKXKR","projectNumber":"5614567933","version":"2"}
[info] 
   Thank you for trying our early preview of Next.js support on Firebase Hosting.
   During the preview, support is best-effort and breaking changes can be expected. Proceed with caution.

   Documentation: https://firebase.google.com/docs/hosting/frameworks/nextjs
   File a bug: https://github.com/firebase/firebase-tools/issues/new?template=bug_report.md
   Submit a feature request: https://github.com/firebase/firebase-tools/issues/new?template=feature_request.md

   We'd love to learn from you. Express your interest in helping us shape the future of Firebase Hosting: https://goo.gle/41enW5X

[debug] [2025-11-27T19:54:21.542Z] Checked if tokens are valid: true, expires at: 1764276568054
[debug] [2025-11-27T19:54:21.542Z] Checked if tokens are valid: true, expires at: 1764276568054
[debug] [2025-11-27T19:54:21.542Z] >>> [apiv2][query] GET https://firebasehosting.googleapis.com/v1beta1/projects/mil-disculpis/sites/mil-disculpis [none]
[debug] [2025-11-27T19:54:22.553Z] <<< [apiv2][status] GET https://firebasehosting.googleapis.com/v1beta1/projects/mil-disculpis/sites/mil-disculpis 200
[debug] [2025-11-27T19:54:22.553Z] <<< [apiv2][body] GET https://firebasehosting.googleapis.com/v1beta1/projects/mil-disculpis/sites/mil-disculpis {"name":"projects/mil-disculpis/sites/mil-disculpis","defaultUrl":"https://mil-disculpis.web.app","appId":"1:5614567933:web:0dce7bf37b8325c0861994","type":"DEFAULT_SITE"}
[info]  ⚠ Invalid next.config.mjs options detected: 
 ⚠     Unrecognized key(s) in object: 'isrMemoryCacheSize' at "experimental"

[info]  ⚠ See more info here: https://nextjs.org/docs/messages/invalid-next-config

[info]   ▲ Next.js 14.2.5

[info]   - Environments: .env.local


[info]    Creating an optimized production build ...

[info]  ✓ (pwa) Compiling for server...

[info]  ✓ (pwa) Compiling for server...

[info]  ✓ (pwa) Compiling for client (static)...

[info]  ○ (pwa) Service worker: C:\Pateá\public\sw.js

[info]  ○ (pwa)   URL: /sw.js
 ○ (pwa)   Scope: /

[info]  ⚠ Compiled with warnings

./node_modules/require-in-the-middle/index.js
Critical dependency: require function is used in a way in which dependencies cannot be statically extracted

Import trace for requested module:
./node_modules/require-in-the-middle/index.js
./node_modules/@opentelemetry/instrumentation/build/esm/platform/node/instrumentation.js
./node_modules/@opentelemetry/instrumentation/build/esm/platform/node/index.js
./node_modules/@opentelemetry/instrumentation/build/esm/platform/index.js
./node_modules/@opentelemetry/instrumentation/build/esm/index.js
./node_modules/@opentelemetry/sdk-node/build/src/sdk.js
./node_modules/@opentelemetry/sdk-node/build/src/index.js
./node_modules/@genkit-ai/core/lib/tracing/node-telemetry-provider.js
./node_modules/@genkit-ai/core/lib/node.js
./node_modules/genkit/lib/common.js
./node_modules/genkit/lib/index.mjs
./src/ai/flows/generate-balanced-teams.ts
./src/lib/actions/server-actions.ts


[info]    Linting and checking validity of types ...

[info] Failed to compile.


[info] ./src/components/matches/match-attendees-list.tsx:105:42
Type error: Property 'collection' does not exist on type 'Firestore'.

  103 |             // Recargar información de jugadores
  104 |             const updatedPlayerPromises = updatedInvitations.map(async (invitation) => {
> 105 |               const playerDoc = await db.collection('players').doc(invitation.userId).get();
      |                                          ^
  106 |               const playerData = playerDoc.data();
  107 |
  108 |               return {

[debug] [2025-11-27T19:55:06.077Z] Error: ENOENT: no such file or directory, open 'C:\pateá\.next\export-marker.json'
[error] 
[error] Error: An unexpected error has occurred.
